[01m[K/home/ubuntu/turtlebot4_ws/src/odom/src/odom.cpp:[m[K In constructor â€˜[01m[KOdom::Odom()[m[Kâ€™:
[01m[K/home/ubuntu/turtlebot4_ws/src/odom/src/odom.cpp:20:33:[m[K [01;31m[Kerror: [m[Kâ€˜[01m[KSensorDataQos[m[Kâ€™ is not a member of â€˜[01m[Krclcpp[m[Kâ€™; did you mean â€˜[01m[KSensorDataQoS[m[Kâ€™?
   20 |                         rclcpp::[01;31m[KSensorDataQos[m[K(),
      |                                 [01;31m[K^~~~~~~~~~~~~[m[K
      |                                 [32m[KSensorDataQoS[m[K
gmake[2]: *** [CMakeFiles/odom.dir/build.make:76: CMakeFiles/odom.dir/src/odom.cpp.o] Error 1
gmake[1]: *** [CMakeFiles/Makefile2:137: CMakeFiles/odom.dir/all] Error 2
gmake: *** [Makefile:146: all] Error 2
