[0.077s] Invoking command in '/home/ubuntu/turtlebot4_ws/build/odom': CMAKE_PREFIX_PATH=/opt/ros/humble /usr/bin/cmake --build /home/ubuntu/turtlebot4_ws/build/odom -- -j4 -l4
[0.264s] [35m[1mConsolidate compiler generated dependencies of target odom[0m
[0.368s] [ 50%] [32mBuilding CXX object CMakeFiles/odom.dir/src/odom.cpp.o[0m
[13.510s] [01m[K/home/ubuntu/turtlebot4_ws/src/odom/src/odom.cpp:[m[K In constructor â€˜[01m[KOdom::Odom()[m[Kâ€™:
[13.510s] [01m[K/home/ubuntu/turtlebot4_ws/src/odom/src/odom.cpp:19:33:[m[K [01;31m[Kerror: [m[Kâ€˜[01m[KSensorDataQos[m[Kâ€™ is not a member of â€˜[01m[Krclcpp[m[Kâ€™; did you mean â€˜[01m[KSensorDataQoS[m[Kâ€™?
[13.511s]    19 |                         rclcpp::[01;31m[KSensorDataQos[m[K(),
[13.511s]       |                                 [01;31m[K^~~~~~~~~~~~~[m[K
[13.512s]       |                                 [32m[KSensorDataQoS[m[K
[13.543s] In file included from [01m[K/opt/ros/humble/include/rclcpp/rclcpp/logging.hpp:24[m[K,
[13.543s]                  from [01m[K/opt/ros/humble/include/rclcpp/rclcpp/client.hpp:40[m[K,
[13.544s]                  from [01m[K/opt/ros/humble/include/rclcpp/rclcpp/callback_group.hpp:24[m[K,
[13.545s]                  from [01m[K/opt/ros/humble/include/rclcpp/rclcpp/any_executable.hpp:20[m[K,
[13.546s]                  from [01m[K/opt/ros/humble/include/rclcpp/rclcpp/memory_strategy.hpp:25[m[K,
[13.546s]                  from [01m[K/opt/ros/humble/include/rclcpp/rclcpp/memory_strategies.hpp:18[m[K,
[13.547s]                  from [01m[K/opt/ros/humble/include/rclcpp/rclcpp/executor_options.hpp:20[m[K,
[13.547s]                  from [01m[K/opt/ros/humble/include/rclcpp/rclcpp/executor.hpp:37[m[K,
[13.548s]                  from [01m[K/opt/ros/humble/include/rclcpp/rclcpp/executors/multi_threaded_executor.hpp:25[m[K,
[13.549s]                  from [01m[K/opt/ros/humble/include/rclcpp/rclcpp/executors.hpp:21[m[K,
[13.550s]                  from [01m[K/opt/ros/humble/include/rclcpp/rclcpp/rclcpp.hpp:155[m[K,
[13.550s]                  from [01m[K/home/ubuntu/turtlebot4_ws/src/odom/src/odom.cpp:7[m[K:
[13.556s] [01m[K/home/ubuntu/turtlebot4_ws/src/odom/src/odom.cpp:[m[K In member function â€˜[01m[Kvoid Odom::wheel_ticks_callback(irobot_create_msgs::msg::WheelTicks)[m[Kâ€™:
[13.557s] [01m[K/home/ubuntu/turtlebot4_ws/src/odom/src/odom.cpp:26:48:[m[K [01;31m[Kerror: [m[Kâ€˜[01m[KWheelTicks[m[Kâ€™ was not declared in this scope; did you mean â€˜[01m[Kirobot_create_msgs::msg::WheelTicks[m[Kâ€™?
[13.558s]    26 |                 RCLCPP_INFO(this->get_logger(),[01;31m[KWheelTicks[m[K.msg);
[13.559s]       |                                                [01;31m[K^~~~~~~~~~[m[K
[13.560s] In file included from [01m[K/opt/ros/humble/include/irobot_create_msgs/irobot_create_msgs/msg/wheel_ticks.hpp:7[m[K,
[13.561s]                  from [01m[K/home/ubuntu/turtlebot4_ws/src/odom/src/odom.cpp:9[m[K:
[13.562s] [01m[K/opt/ros/humble/include/irobot_create_msgs/irobot_create_msgs/msg/detail/wheel_ticks__struct.hpp:153:7:[m[K [01;36m[Knote: [m[Kâ€˜[01m[Kirobot_create_msgs::msg::WheelTicks[m[Kâ€™ declared here
[13.567s]   153 | using [01;36m[KWheelTicks[m[K =
[13.568s]       |       [01;36m[K^~~~~~~~~~[m[K
[15.909s] gmake[2]: *** [CMakeFiles/odom.dir/build.make:76: CMakeFiles/odom.dir/src/odom.cpp.o] Error 1
[15.910s] gmake[1]: *** [CMakeFiles/Makefile2:137: CMakeFiles/odom.dir/all] Error 2
[15.912s] gmake: *** [Makefile:146: all] Error 2
[15.921s] Invoked command in '/home/ubuntu/turtlebot4_ws/build/odom' returned '2': CMAKE_PREFIX_PATH=/opt/ros/humble /usr/bin/cmake --build /home/ubuntu/turtlebot4_ws/build/odom -- -j4 -l4
