[01m[K/home/ubuntu/turtlebot4_ws/src/odom/src/odom.cpp:[m[K In constructor â€˜[01m[KOdom::Odom()[m[Kâ€™:
[01m[K/home/ubuntu/turtlebot4_ws/src/odom/src/odom.cpp:19:33:[m[K [01;31m[Kerror: [m[Kâ€˜[01m[KSensorDataQos[m[Kâ€™ is not a member of â€˜[01m[Krclcpp[m[Kâ€™; did you mean â€˜[01m[KSensorDataQoS[m[Kâ€™?
   19 |                         rclcpp::[01;31m[KSensorDataQos[m[K(),
      |                                 [01;31m[K^~~~~~~~~~~~~[m[K
      |                                 [32m[KSensorDataQoS[m[K
In file included from [01m[K/opt/ros/humble/include/rclcpp/rclcpp/logging.hpp:24[m[K,
                 from [01m[K/opt/ros/humble/include/rclcpp/rclcpp/client.hpp:40[m[K,
                 from [01m[K/opt/ros/humble/include/rclcpp/rclcpp/callback_group.hpp:24[m[K,
                 from [01m[K/opt/ros/humble/include/rclcpp/rclcpp/any_executable.hpp:20[m[K,
                 from [01m[K/opt/ros/humble/include/rclcpp/rclcpp/memory_strategy.hpp:25[m[K,
                 from [01m[K/opt/ros/humble/include/rclcpp/rclcpp/memory_strategies.hpp:18[m[K,
                 from [01m[K/opt/ros/humble/include/rclcpp/rclcpp/executor_options.hpp:20[m[K,
                 from [01m[K/opt/ros/humble/include/rclcpp/rclcpp/executor.hpp:37[m[K,
                 from [01m[K/opt/ros/humble/include/rclcpp/rclcpp/executors/multi_threaded_executor.hpp:25[m[K,
                 from [01m[K/opt/ros/humble/include/rclcpp/rclcpp/executors.hpp:21[m[K,
                 from [01m[K/opt/ros/humble/include/rclcpp/rclcpp/rclcpp.hpp:155[m[K,
                 from [01m[K/home/ubuntu/turtlebot4_ws/src/odom/src/odom.cpp:7[m[K:
[01m[K/home/ubuntu/turtlebot4_ws/src/odom/src/odom.cpp:[m[K In member function â€˜[01m[Kvoid Odom::wheel_ticks_callback(irobot_create_msgs::msg::WheelTicks_<std::allocator<void> >::SharedPtr)[m[Kâ€™:
[01m[K/home/ubuntu/turtlebot4_ws/src/odom/src/odom.cpp:26:48:[m[K [01;31m[Kerror: [m[Kcannot convert â€˜[01m[Kconst SharedPtr[m[Kâ€™ {aka â€˜[01m[Kconst std::shared_ptr<irobot_create_msgs::msg::WheelTicks_<std::allocator<void> > >[m[Kâ€™} to â€˜[01m[Kconst char*[m[Kâ€™
   26 |                 RCLCPP_INFO(this->get_logger(),[01;31m[Kwheel_ticks[m[K);
      |                                                [01;31m[K^~~~~~~~~~~[m[K
      |                                                [01;31m[K|[m[K
      |                                                [01;31m[Kconst SharedPtr {aka const std::shared_ptr<irobot_create_msgs::msg::WheelTicks_<std::allocator<void> > >}[m[K
In file included from [01m[K/opt/ros/humble/include/rmw/rmw/types.h:28[m[K,
                 from [01m[K/opt/ros/humble/include/rcl/rcl/types.h:20[m[K,
                 from [01m[K/opt/ros/humble/include/rcl/rcl/log_level.h:22[m[K,
                 from [01m[K/opt/ros/humble/include/rcl/rcl/arguments.h:21[m[K,
                 from [01m[K/opt/ros/humble/include/rcl/rcl/context.h:28[m[K,
                 from [01m[K/opt/ros/humble/include/rcl/rcl/guard_condition.h:26[m[K,
                 from [01m[K/opt/ros/humble/include/rclcpp/rclcpp/executor.hpp:30[m[K,
                 from [01m[K/opt/ros/humble/include/rclcpp/rclcpp/executors/multi_threaded_executor.hpp:25[m[K,
                 from [01m[K/opt/ros/humble/include/rclcpp/rclcpp/executors.hpp:21[m[K,
                 from [01m[K/opt/ros/humble/include/rclcpp/rclcpp/rclcpp.hpp:155[m[K,
                 from [01m[K/home/ubuntu/turtlebot4_ws/src/odom/src/odom.cpp:7[m[K:
[01m[K/opt/ros/humble/include/rcutils/rcutils/logging.h:479:16:[m[K [01;36m[Knote: [m[K  initializing argument 4 of â€˜[01m[Kvoid rcutils_log(const rcutils_log_location_t*, int, const char*, const char*, ...)[m[Kâ€™
  479 |   [01;36m[Kconst char * format[m[K,
      |   [01;36m[K~~~~~~~~~~~~~^~~~~~[m[K
gmake[2]: *** [CMakeFiles/odom.dir/build.make:76: CMakeFiles/odom.dir/src/odom.cpp.o] Error 1
gmake[1]: *** [CMakeFiles/Makefile2:137: CMakeFiles/odom.dir/all] Error 2
gmake: *** [Makefile:146: all] Error 2
