[01m[K/home/ubuntu/turtlebot4_ws/src/odom/src/odom.cpp:[m[K In constructor â€˜[01m[KOdom::Odom()[m[Kâ€™:
[01m[K/home/ubuntu/turtlebot4_ws/src/odom/src/odom.cpp:20:33:[m[K [01;31m[Kerror: [m[Kâ€˜[01m[KSensorDataQos[m[Kâ€™ is not a member of â€˜[01m[Krclcpp[m[Kâ€™; did you mean â€˜[01m[KSensorDataQoS[m[Kâ€™?
   20 |                         rclcpp::[01;31m[KSensorDataQos[m[K(),
      |                                 [01;31m[K^~~~~~~~~~~~~[m[K
      |                                 [32m[KSensorDataQoS[m[K
[01m[K/home/ubuntu/turtlebot4_ws/src/odom/src/odom.cpp:[m[K In member function â€˜[01m[Kvoid Odom::wheel_ticks_callback(irobot_create_msgs::msg::WheelTicks_<std::allocator<void> >::SharedPtr)[m[Kâ€™:
[01m[K/home/ubuntu/turtlebot4_ws/src/odom/src/odom.cpp:27:17:[m[K [01;31m[Kerror: [m[Kâ€˜[01m[Kstringstream[m[Kâ€™ was not declared in this scope; did you mean â€˜[01m[Kstd::stringstream[m[Kâ€™?
   27 |                 [01;31m[Kstringstream[m[K strs;
      |                 [01;31m[K^~~~~~~~~~~~[m[K
      |                 [32m[Kstd::stringstream[m[K
In file included from [01m[K/usr/include/c++/11/bits/shared_ptr.h:52[m[K,
                 from [01m[K/usr/include/c++/11/memory:77[m[K,
                 from [01m[K/home/ubuntu/turtlebot4_ws/src/odom/src/odom.cpp:4[m[K:
[01m[K/usr/include/c++/11/iosfwd:156:41:[m[K [01;36m[Knote: [m[Kâ€˜[01m[Kstd::stringstream[m[Kâ€™ declared here
  156 |   typedef basic_stringstream<char>      [01;36m[Kstringstream[m[K;
      |                                         [01;36m[K^~~~~~~~~~~~[m[K
[01m[K/home/ubuntu/turtlebot4_ws/src/odom/src/odom.cpp:29:17:[m[K [01;31m[Kerror: [m[Kâ€˜[01m[Kstrs[m[Kâ€™ was not declared in this scope; did you mean â€˜[01m[Kstrstr[m[Kâ€™?
   29 |                 [01;31m[Kstrs[m[K<<wheel_ticks->ticks_left;
      |                 [01;31m[K^~~~[m[K
      |                 [32m[Kstrstr[m[K
gmake[2]: *** [CMakeFiles/odom.dir/build.make:76: CMakeFiles/odom.dir/src/odom.cpp.o] Error 1
gmake[1]: *** [CMakeFiles/Makefile2:137: CMakeFiles/odom.dir/all] Error 2
gmake: *** [Makefile:146: all] Error 2
